2023-08-03 11:17:12,738 - classes-count - INFO - sar
2023-08-03 11:17:12,916 - classes-count - INFO - label:unknown -> ( train:204904, val:40980, test:3852201, total:4098085 )
2023-08-03 11:17:12,932 - classes-count - INFO - label:water -> ( train:30286, val:6057, test:569384, total:605727 )
2023-08-03 11:17:12,948 - classes-count - INFO - label:forest -> ( train:143931, val:28786, test:2705905, total:2878622 )
2023-08-03 11:17:12,964 - classes-count - INFO - label:building -> ( train:135738, val:27147, test:2551888, total:2714773 )
2023-08-03 11:17:12,981 - classes-count - INFO - label:farmland -> ( train:133139, val:26627, test:2503027, total:2662793 )
2023-08-03 11:17:13,059 - classes-count - INFO - munich dataset
2023-08-03 11:17:13,522 - classes-count - INFO - label:unknown -> ( train:114129, val:22825, test:2145641, total:2282595 )
2023-08-03 11:17:13,559 - classes-count - INFO - label:agriculture field -> ( train:648729, val:129745, test:12196106, total:12974580 )
2023-08-03 11:17:13,595 - classes-count - INFO - label:forest -> ( train:535141, val:107028, test:10060664, total:10702833 )
2023-08-03 11:17:13,655 - classes-count - INFO - label:built-up -> ( train:325340, val:65068, test:6116408, total:6506816 )
2023-08-03 11:17:13,691 - classes-count - INFO - label:water body -> ( train:64132, val:12826, test:1205694, total:1282652 )
2023-08-06 11:03:00,037 - classes-count - INFO - sar
2023-08-06 11:03:00,210 - classes-count - INFO - label:unknown -> ( train:204904, val:40980, test:3852201, total:4098085 )
2023-08-06 11:03:00,226 - classes-count - INFO - label:water -> ( train:30286, val:6057, test:569384, total:605727 )
2023-08-06 11:03:00,242 - classes-count - INFO - label:forest -> ( train:143931, val:28786, test:2705905, total:2878622 )
2023-08-06 11:03:00,259 - classes-count - INFO - label:building -> ( train:135738, val:27147, test:2551888, total:2714773 )
2023-08-06 11:03:00,275 - classes-count - INFO - label:farmland -> ( train:133139, val:26627, test:2503027, total:2662793 )
2023-08-06 11:03:00,275 - classes-count - INFO - Total:12960000
2023-08-06 11:03:00,537 - classes-count - INFO - munich dataset
2023-08-06 11:03:00,981 - classes-count - INFO - label:unknown -> ( train:114129, val:22825, test:2145641, total:2282595 )
2023-08-06 11:03:01,018 - classes-count - INFO - label:agriculture field -> ( train:648729, val:129745, test:12196106, total:12974580 )
2023-08-06 11:03:01,055 - classes-count - INFO - label:forest -> ( train:535141, val:107028, test:10060664, total:10702833 )
2023-08-06 11:03:01,091 - classes-count - INFO - label:built-up -> ( train:325340, val:65068, test:6116408, total:6506816 )
2023-08-06 11:03:01,127 - classes-count - INFO - label:water body -> ( train:64132, val:12826, test:1205694, total:1282652 )
2023-08-06 11:03:01,127 - classes-count - INFO - Total:33749476
